#! /usr/bin/vvp
:ivl_version "12.0 (stable)";
:ivl_delay_selection "TYPICAL";
:vpi_time_precision + 0;
:vpi_module "/usr/lib/x86_64-linux-gnu/ivl/system.vpi";
:vpi_module "/usr/lib/x86_64-linux-gnu/ivl/vhdl_sys.vpi";
:vpi_module "/usr/lib/x86_64-linux-gnu/ivl/vhdl_textio.vpi";
:vpi_module "/usr/lib/x86_64-linux-gnu/ivl/v2005_math.vpi";
:vpi_module "/usr/lib/x86_64-linux-gnu/ivl/va_math.vpi";
S_0x5cca34e0acc0 .scope module, "tb_cla" "tb_cla" 2 1;
 .timescale 0 0;
v0x5cca34e3c340_0 .var "a", 3 0;
v0x5cca34e3c420_0 .var "b", 3 0;
v0x5cca34e3c4c0_0 .net "carry", 0 0, L_0x5cca34e42380;  1 drivers
v0x5cca34e3c560_0 .var "cin", 0 0;
v0x5cca34e3c630_0 .net "sum", 3 0, L_0x5cca34e42830;  1 drivers
S_0x5cca34e0ae50 .scope module, "uut" "cla" 2 9, 3 1 0, S_0x5cca34e0acc0;
 .timescale 0 0;
    .port_info 0 /INPUT 4 "a";
    .port_info 1 /INPUT 4 "b";
    .port_info 2 /INPUT 1 "cin";
    .port_info 3 /OUTPUT 4 "sum";
    .port_info 4 /OUTPUT 1 "carry";
L_0x5cca34e3c8e0 .functor AND 1, L_0x5cca34e3c6d0, L_0x5cca34e3c7f0, C4<1>, C4<1>;
L_0x5cca34e3cb60 .functor XOR 1, L_0x5cca34e3c9f0, L_0x5cca34e3ca90, C4<0>, C4<0>;
L_0x5cca34e3cca0 .functor AND 1, L_0x5cca34e3cb60, v0x5cca34e3c560_0, C4<1>, C4<1>;
L_0x5cca34e3cdb0 .functor OR 1, L_0x5cca34e3c8e0, L_0x5cca34e3cca0, C4<0>, C4<0>;
L_0x5cca34e3d100 .functor AND 1, L_0x5cca34e3cef0, L_0x5cca34e3cf90, C4<1>, C4<1>;
L_0x5cca34e3d300 .functor XOR 1, L_0x5cca34e3d170, L_0x5cca34e3d210, C4<0>, C4<0>;
L_0x5cca34e3d5f0 .functor AND 1, L_0x5cca34e3d450, L_0x5cca34e3d4f0, C4<1>, C4<1>;
L_0x5cca34e3d860 .functor XOR 1, L_0x5cca34e3d6b0, L_0x5cca34e3d750, C4<0>, C4<0>;
L_0x5cca34e3d9c0 .functor AND 1, L_0x5cca34e3d860, v0x5cca34e3c560_0, C4<1>, C4<1>;
L_0x5cca34e3da80 .functor OR 1, L_0x5cca34e3d5f0, L_0x5cca34e3d9c0, C4<0>, C4<0>;
L_0x5cca34e3dbf0 .functor AND 1, L_0x5cca34e3d300, L_0x5cca34e3da80, C4<1>, C4<1>;
L_0x5cca34e3dcb0 .functor OR 1, L_0x5cca34e3d100, L_0x5cca34e3dbf0, C4<0>, C4<0>;
L_0x5cca34e3d7f0 .functor AND 1, L_0x5cca34e3de30, L_0x5cca34e3ded0, C4<1>, C4<1>;
L_0x5cca34e3e260 .functor XOR 1, L_0x5cca34e3e090, L_0x5cca34e3e130, C4<0>, C4<0>;
L_0x5cca34e3ddc0 .functor AND 1, L_0x5cca34e3e3f0, L_0x5cca34e3e490, C4<1>, C4<1>;
L_0x5cca34e3e860 .functor XOR 1, L_0x5cca34e3e670, L_0x5cca34e3e710, C4<0>, C4<0>;
L_0x5cca34e3eb90 .functor AND 1, L_0x5cca34e3e530, L_0x5cca34e3ea30, C4<1>, C4<1>;
L_0x5cca34e3eee0 .functor XOR 1, L_0x5cca34e3ecd0, L_0x5cca34e3ed70, C4<0>, C4<0>;
L_0x5cca34e3f0c0 .functor AND 1, L_0x5cca34e3eee0, v0x5cca34e3c560_0, C4<1>, C4<1>;
L_0x5cca34e3f180 .functor OR 1, L_0x5cca34e3eb90, L_0x5cca34e3f0c0, C4<0>, C4<0>;
L_0x5cca34e3f2f0 .functor AND 1, L_0x5cca34e3e860, L_0x5cca34e3f180, C4<1>, C4<1>;
L_0x5cca34e3f400 .functor OR 1, L_0x5cca34e3ddc0, L_0x5cca34e3f2f0, C4<0>, C4<0>;
L_0x5cca34e3f5d0 .functor AND 1, L_0x5cca34e3e260, L_0x5cca34e3f400, C4<1>, C4<1>;
L_0x5cca34e3f6e0 .functor OR 1, L_0x5cca34e3d7f0, L_0x5cca34e3f5d0, C4<0>, C4<0>;
L_0x5cca34e3fa40 .functor AND 1, L_0x5cca34e3f020, L_0x5cca34e3f8c0, C4<1>, C4<1>;
L_0x5cca34e3fd80 .functor XOR 1, L_0x5cca34e3fb50, L_0x5cca34e3fbf0, C4<0>, C4<0>;
L_0x5cca34e403c0 .functor AND 1, L_0x5cca34e3ff70, L_0x5cca34e40010, C4<1>, C4<1>;
L_0x5cca34e40720 .functor XOR 1, L_0x5cca34e404d0, L_0x5cca34e40570, C4<0>, C4<0>;
L_0x5cca34e40b80 .functor AND 1, L_0x5cca34e40920, L_0x5cca34e409c0, C4<1>, C4<1>;
L_0x5cca34e40f00 .functor XOR 1, L_0x5cca34e40c90, L_0x5cca34e40d30, C4<0>, C4<0>;
L_0x5cca34e413c0 .functor AND 1, L_0x5cca34e41140, L_0x5cca34e411e0, C4<1>, C4<1>;
L_0x5cca34e41790 .functor XOR 1, L_0x5cca34e41500, L_0x5cca34e415a0, C4<0>, C4<0>;
L_0x5cca34e419e0 .functor AND 1, L_0x5cca34e41790, v0x5cca34e3c560_0, C4<1>, C4<1>;
L_0x5cca34e41aa0 .functor OR 1, L_0x5cca34e413c0, L_0x5cca34e419e0, C4<0>, C4<0>;
L_0x5cca34e41cd0 .functor AND 1, L_0x5cca34e40f00, L_0x5cca34e41aa0, C4<1>, C4<1>;
L_0x5cca34e41de0 .functor OR 1, L_0x5cca34e40b80, L_0x5cca34e41cd0, C4<0>, C4<0>;
L_0x5cca34e41bb0 .functor AND 1, L_0x5cca34e40720, L_0x5cca34e41de0, C4<1>, C4<1>;
L_0x5cca34e42020 .functor OR 1, L_0x5cca34e403c0, L_0x5cca34e41bb0, C4<0>, C4<0>;
L_0x5cca34e42270 .functor AND 1, L_0x5cca34e3fd80, L_0x5cca34e42020, C4<1>, C4<1>;
L_0x5cca34e42380 .functor OR 1, L_0x5cca34e3fa40, L_0x5cca34e42270, C4<0>, C4<0>;
L_0x5cca34e42630 .functor XOR 4, v0x5cca34e3c340_0, v0x5cca34e3c420_0, C4<0000>, C4<0000>;
L_0x5cca34e42830 .functor XOR 4, L_0x5cca34e42630, L_0x5cca34e426a0, C4<0000>, C4<0000>;
v0x5cca34e0b030_0 .net *"_ivl_1", 0 0, L_0x5cca34e3c6d0;  1 drivers
v0x5cca34e37290_0 .net *"_ivl_10", 0 0, L_0x5cca34e3cb60;  1 drivers
v0x5cca34e37370_0 .net *"_ivl_100", 0 0, L_0x5cca34e3fa40;  1 drivers
v0x5cca34e37430_0 .net *"_ivl_103", 0 0, L_0x5cca34e3fb50;  1 drivers
v0x5cca34e37510_0 .net *"_ivl_105", 0 0, L_0x5cca34e3fbf0;  1 drivers
v0x5cca34e37640_0 .net *"_ivl_106", 0 0, L_0x5cca34e3fd80;  1 drivers
v0x5cca34e37720_0 .net *"_ivl_109", 0 0, L_0x5cca34e3ff70;  1 drivers
v0x5cca34e37800_0 .net *"_ivl_111", 0 0, L_0x5cca34e40010;  1 drivers
v0x5cca34e378e0_0 .net *"_ivl_112", 0 0, L_0x5cca34e403c0;  1 drivers
v0x5cca34e379c0_0 .net *"_ivl_115", 0 0, L_0x5cca34e404d0;  1 drivers
v0x5cca34e37aa0_0 .net *"_ivl_117", 0 0, L_0x5cca34e40570;  1 drivers
v0x5cca34e37b80_0 .net *"_ivl_118", 0 0, L_0x5cca34e40720;  1 drivers
v0x5cca34e37c60_0 .net *"_ivl_12", 0 0, L_0x5cca34e3cca0;  1 drivers
v0x5cca34e37d40_0 .net *"_ivl_121", 0 0, L_0x5cca34e40920;  1 drivers
v0x5cca34e37e20_0 .net *"_ivl_123", 0 0, L_0x5cca34e409c0;  1 drivers
v0x5cca34e37f00_0 .net *"_ivl_124", 0 0, L_0x5cca34e40b80;  1 drivers
v0x5cca34e37fe0_0 .net *"_ivl_127", 0 0, L_0x5cca34e40c90;  1 drivers
v0x5cca34e380c0_0 .net *"_ivl_129", 0 0, L_0x5cca34e40d30;  1 drivers
v0x5cca34e381a0_0 .net *"_ivl_130", 0 0, L_0x5cca34e40f00;  1 drivers
v0x5cca34e38280_0 .net *"_ivl_133", 0 0, L_0x5cca34e41140;  1 drivers
v0x5cca34e38360_0 .net *"_ivl_135", 0 0, L_0x5cca34e411e0;  1 drivers
v0x5cca34e38440_0 .net *"_ivl_136", 0 0, L_0x5cca34e413c0;  1 drivers
v0x5cca34e38520_0 .net *"_ivl_139", 0 0, L_0x5cca34e41500;  1 drivers
v0x5cca34e38600_0 .net *"_ivl_141", 0 0, L_0x5cca34e415a0;  1 drivers
v0x5cca34e386e0_0 .net *"_ivl_142", 0 0, L_0x5cca34e41790;  1 drivers
v0x5cca34e387c0_0 .net *"_ivl_144", 0 0, L_0x5cca34e419e0;  1 drivers
v0x5cca34e388a0_0 .net *"_ivl_146", 0 0, L_0x5cca34e41aa0;  1 drivers
v0x5cca34e38980_0 .net *"_ivl_148", 0 0, L_0x5cca34e41cd0;  1 drivers
v0x5cca34e38a60_0 .net *"_ivl_150", 0 0, L_0x5cca34e41de0;  1 drivers
v0x5cca34e38b40_0 .net *"_ivl_152", 0 0, L_0x5cca34e41bb0;  1 drivers
v0x5cca34e38c20_0 .net *"_ivl_154", 0 0, L_0x5cca34e42020;  1 drivers
v0x5cca34e38d00_0 .net *"_ivl_156", 0 0, L_0x5cca34e42270;  1 drivers
v0x5cca34e38de0_0 .net *"_ivl_160", 3 0, L_0x5cca34e42630;  1 drivers
v0x5cca34e390d0_0 .net *"_ivl_162", 3 0, L_0x5cca34e426a0;  1 drivers
v0x5cca34e391b0_0 .net *"_ivl_17", 0 0, L_0x5cca34e3cef0;  1 drivers
v0x5cca34e39290_0 .net *"_ivl_19", 0 0, L_0x5cca34e3cf90;  1 drivers
v0x5cca34e39370_0 .net *"_ivl_20", 0 0, L_0x5cca34e3d100;  1 drivers
v0x5cca34e39450_0 .net *"_ivl_23", 0 0, L_0x5cca34e3d170;  1 drivers
v0x5cca34e39530_0 .net *"_ivl_25", 0 0, L_0x5cca34e3d210;  1 drivers
v0x5cca34e39610_0 .net *"_ivl_26", 0 0, L_0x5cca34e3d300;  1 drivers
v0x5cca34e396f0_0 .net *"_ivl_29", 0 0, L_0x5cca34e3d450;  1 drivers
v0x5cca34e397d0_0 .net *"_ivl_3", 0 0, L_0x5cca34e3c7f0;  1 drivers
v0x5cca34e398b0_0 .net *"_ivl_31", 0 0, L_0x5cca34e3d4f0;  1 drivers
v0x5cca34e39990_0 .net *"_ivl_32", 0 0, L_0x5cca34e3d5f0;  1 drivers
v0x5cca34e39a70_0 .net *"_ivl_35", 0 0, L_0x5cca34e3d6b0;  1 drivers
v0x5cca34e39b50_0 .net *"_ivl_37", 0 0, L_0x5cca34e3d750;  1 drivers
v0x5cca34e39c30_0 .net *"_ivl_38", 0 0, L_0x5cca34e3d860;  1 drivers
v0x5cca34e39d10_0 .net *"_ivl_4", 0 0, L_0x5cca34e3c8e0;  1 drivers
v0x5cca34e39df0_0 .net *"_ivl_40", 0 0, L_0x5cca34e3d9c0;  1 drivers
v0x5cca34e39ed0_0 .net *"_ivl_42", 0 0, L_0x5cca34e3da80;  1 drivers
v0x5cca34e39fb0_0 .net *"_ivl_44", 0 0, L_0x5cca34e3dbf0;  1 drivers
v0x5cca34e3a090_0 .net *"_ivl_49", 0 0, L_0x5cca34e3de30;  1 drivers
v0x5cca34e3a170_0 .net *"_ivl_51", 0 0, L_0x5cca34e3ded0;  1 drivers
v0x5cca34e3a250_0 .net *"_ivl_52", 0 0, L_0x5cca34e3d7f0;  1 drivers
v0x5cca34e3a330_0 .net *"_ivl_55", 0 0, L_0x5cca34e3e090;  1 drivers
v0x5cca34e3a410_0 .net *"_ivl_57", 0 0, L_0x5cca34e3e130;  1 drivers
v0x5cca34e3a4f0_0 .net *"_ivl_58", 0 0, L_0x5cca34e3e260;  1 drivers
v0x5cca34e3a5d0_0 .net *"_ivl_61", 0 0, L_0x5cca34e3e3f0;  1 drivers
v0x5cca34e3a6b0_0 .net *"_ivl_63", 0 0, L_0x5cca34e3e490;  1 drivers
v0x5cca34e3a790_0 .net *"_ivl_64", 0 0, L_0x5cca34e3ddc0;  1 drivers
v0x5cca34e3a870_0 .net *"_ivl_67", 0 0, L_0x5cca34e3e670;  1 drivers
v0x5cca34e3a950_0 .net *"_ivl_69", 0 0, L_0x5cca34e3e710;  1 drivers
v0x5cca34e3aa30_0 .net *"_ivl_7", 0 0, L_0x5cca34e3c9f0;  1 drivers
v0x5cca34e3ab10_0 .net *"_ivl_70", 0 0, L_0x5cca34e3e860;  1 drivers
v0x5cca34e3abf0_0 .net *"_ivl_73", 0 0, L_0x5cca34e3e530;  1 drivers
v0x5cca34e3b0e0_0 .net *"_ivl_75", 0 0, L_0x5cca34e3ea30;  1 drivers
v0x5cca34e3b1c0_0 .net *"_ivl_76", 0 0, L_0x5cca34e3eb90;  1 drivers
v0x5cca34e3b2a0_0 .net *"_ivl_79", 0 0, L_0x5cca34e3ecd0;  1 drivers
v0x5cca34e3b380_0 .net *"_ivl_81", 0 0, L_0x5cca34e3ed70;  1 drivers
v0x5cca34e3b460_0 .net *"_ivl_82", 0 0, L_0x5cca34e3eee0;  1 drivers
v0x5cca34e3b540_0 .net *"_ivl_84", 0 0, L_0x5cca34e3f0c0;  1 drivers
v0x5cca34e3b620_0 .net *"_ivl_86", 0 0, L_0x5cca34e3f180;  1 drivers
v0x5cca34e3b700_0 .net *"_ivl_88", 0 0, L_0x5cca34e3f2f0;  1 drivers
v0x5cca34e3b7e0_0 .net *"_ivl_9", 0 0, L_0x5cca34e3ca90;  1 drivers
v0x5cca34e3b8c0_0 .net *"_ivl_90", 0 0, L_0x5cca34e3f400;  1 drivers
v0x5cca34e3b9a0_0 .net *"_ivl_92", 0 0, L_0x5cca34e3f5d0;  1 drivers
v0x5cca34e3ba80_0 .net *"_ivl_97", 0 0, L_0x5cca34e3f020;  1 drivers
v0x5cca34e3bb60_0 .net *"_ivl_99", 0 0, L_0x5cca34e3f8c0;  1 drivers
v0x5cca34e3bc40_0 .net "a", 3 0, v0x5cca34e3c340_0;  1 drivers
v0x5cca34e3bd20_0 .net "b", 3 0, v0x5cca34e3c420_0;  1 drivers
v0x5cca34e3be00_0 .net "carry", 0 0, L_0x5cca34e42380;  alias, 1 drivers
v0x5cca34e3bec0_0 .net "cin", 0 0, v0x5cca34e3c560_0;  1 drivers
v0x5cca34e3bf80_0 .net "cout0", 0 0, L_0x5cca34e3cdb0;  1 drivers
v0x5cca34e3c040_0 .net "cout1", 0 0, L_0x5cca34e3dcb0;  1 drivers
v0x5cca34e3c100_0 .net "cout2", 0 0, L_0x5cca34e3f6e0;  1 drivers
v0x5cca34e3c1c0_0 .net "sum", 3 0, L_0x5cca34e42830;  alias, 1 drivers
L_0x5cca34e3c6d0 .part v0x5cca34e3c340_0, 0, 1;
L_0x5cca34e3c7f0 .part v0x5cca34e3c420_0, 0, 1;
L_0x5cca34e3c9f0 .part v0x5cca34e3c340_0, 0, 1;
L_0x5cca34e3ca90 .part v0x5cca34e3c420_0, 0, 1;
L_0x5cca34e3cef0 .part v0x5cca34e3c340_0, 1, 1;
L_0x5cca34e3cf90 .part v0x5cca34e3c420_0, 1, 1;
L_0x5cca34e3d170 .part v0x5cca34e3c340_0, 1, 1;
L_0x5cca34e3d210 .part v0x5cca34e3c420_0, 1, 1;
L_0x5cca34e3d450 .part v0x5cca34e3c340_0, 0, 1;
L_0x5cca34e3d4f0 .part v0x5cca34e3c420_0, 0, 1;
L_0x5cca34e3d6b0 .part v0x5cca34e3c340_0, 0, 1;
L_0x5cca34e3d750 .part v0x5cca34e3c420_0, 0, 1;
L_0x5cca34e3de30 .part v0x5cca34e3c340_0, 2, 1;
L_0x5cca34e3ded0 .part v0x5cca34e3c420_0, 2, 1;
L_0x5cca34e3e090 .part v0x5cca34e3c340_0, 2, 1;
L_0x5cca34e3e130 .part v0x5cca34e3c420_0, 2, 1;
L_0x5cca34e3e3f0 .part v0x5cca34e3c340_0, 1, 1;
L_0x5cca34e3e490 .part v0x5cca34e3c420_0, 1, 1;
L_0x5cca34e3e670 .part v0x5cca34e3c340_0, 1, 1;
L_0x5cca34e3e710 .part v0x5cca34e3c420_0, 1, 1;
L_0x5cca34e3e530 .part v0x5cca34e3c340_0, 0, 1;
L_0x5cca34e3ea30 .part v0x5cca34e3c420_0, 0, 1;
L_0x5cca34e3ecd0 .part v0x5cca34e3c340_0, 0, 1;
L_0x5cca34e3ed70 .part v0x5cca34e3c420_0, 0, 1;
L_0x5cca34e3f020 .part v0x5cca34e3c340_0, 3, 1;
L_0x5cca34e3f8c0 .part v0x5cca34e3c420_0, 3, 1;
L_0x5cca34e3fb50 .part v0x5cca34e3c340_0, 3, 1;
L_0x5cca34e3fbf0 .part v0x5cca34e3c420_0, 3, 1;
L_0x5cca34e3ff70 .part v0x5cca34e3c340_0, 2, 1;
L_0x5cca34e40010 .part v0x5cca34e3c420_0, 2, 1;
L_0x5cca34e404d0 .part v0x5cca34e3c340_0, 2, 1;
L_0x5cca34e40570 .part v0x5cca34e3c420_0, 2, 1;
L_0x5cca34e40920 .part v0x5cca34e3c340_0, 1, 1;
L_0x5cca34e409c0 .part v0x5cca34e3c420_0, 1, 1;
L_0x5cca34e40c90 .part v0x5cca34e3c340_0, 1, 1;
L_0x5cca34e40d30 .part v0x5cca34e3c420_0, 1, 1;
L_0x5cca34e41140 .part v0x5cca34e3c340_0, 0, 1;
L_0x5cca34e411e0 .part v0x5cca34e3c420_0, 0, 1;
L_0x5cca34e41500 .part v0x5cca34e3c340_0, 0, 1;
L_0x5cca34e415a0 .part v0x5cca34e3c420_0, 0, 1;
L_0x5cca34e426a0 .concat [ 1 1 1 1], v0x5cca34e3c560_0, L_0x5cca34e3cdb0, L_0x5cca34e3dcb0, L_0x5cca34e3f6e0;
    .scope S_0x5cca34e0acc0;
T_0 ;
    %vpi_call 2 20 "$monitor", "Time = %0t | a = %b | b = %b | cin = %b | sum = %b | carry = %b", $time, v0x5cca34e3c340_0, v0x5cca34e3c420_0, v0x5cca34e3c560_0, v0x5cca34e3c630_0, v0x5cca34e3c4c0_0 {0 0 0};
    %pushi/vec4 0, 0, 4;
    %store/vec4 v0x5cca34e3c340_0, 0, 4;
    %pushi/vec4 0, 0, 4;
    %store/vec4 v0x5cca34e3c420_0, 0, 4;
    %pushi/vec4 0, 0, 1;
    %store/vec4 v0x5cca34e3c560_0, 0, 1;
    %delay 10, 0;
    %pushi/vec4 5, 0, 4;
    %store/vec4 v0x5cca34e3c340_0, 0, 4;
    %pushi/vec4 3, 0, 4;
    %store/vec4 v0x5cca34e3c420_0, 0, 4;
    %pushi/vec4 0, 0, 1;
    %store/vec4 v0x5cca34e3c560_0, 0, 1;
    %delay 10, 0;
    %pushi/vec4 15, 0, 4;
    %store/vec4 v0x5cca34e3c340_0, 0, 4;
    %pushi/vec4 1, 0, 4;
    %store/vec4 v0x5cca34e3c420_0, 0, 4;
    %pushi/vec4 1, 0, 1;
    %store/vec4 v0x5cca34e3c560_0, 0, 1;
    %delay 10, 0;
    %pushi/vec4 10, 0, 4;
    %store/vec4 v0x5cca34e3c340_0, 0, 4;
    %pushi/vec4 5, 0, 4;
    %store/vec4 v0x5cca34e3c420_0, 0, 4;
    %pushi/vec4 1, 0, 1;
    %store/vec4 v0x5cca34e3c560_0, 0, 1;
    %delay 10, 0;
    %pushi/vec4 12, 0, 4;
    %store/vec4 v0x5cca34e3c340_0, 0, 4;
    %pushi/vec4 12, 0, 4;
    %store/vec4 v0x5cca34e3c420_0, 0, 4;
    %pushi/vec4 0, 0, 1;
    %store/vec4 v0x5cca34e3c560_0, 0, 1;
    %delay 10, 0;
    %pushi/vec4 6, 0, 4;
    %store/vec4 v0x5cca34e3c340_0, 0, 4;
    %pushi/vec4 9, 0, 4;
    %store/vec4 v0x5cca34e3c420_0, 0, 4;
    %pushi/vec4 1, 0, 1;
    %store/vec4 v0x5cca34e3c560_0, 0, 1;
    %delay 10, 0;
    %vpi_call 2 48 "$finish" {0 0 0};
    %end;
    .thread T_0;
    .scope S_0x5cca34e0acc0;
T_1 ;
    %vpi_call 2 51 "$dumpfile", "cla.vcd" {0 0 0};
    %vpi_call 2 52 "$dumpvars", 32'sb00000000000000000000000000000000, S_0x5cca34e0acc0 {0 0 0};
    %end;
    .thread T_1;
# The file index is used to find the file name in the following table.
:file_names 4;
    "N/A";
    "<interactive>";
    "tb_cla.v";
    "cla.v";
