#! /usr/bin/vvp
:ivl_version "12.0 (stable)";
:ivl_delay_selection "TYPICAL";
:vpi_time_precision + 0;
:vpi_module "/usr/lib/x86_64-linux-gnu/ivl/system.vpi";
:vpi_module "/usr/lib/x86_64-linux-gnu/ivl/vhdl_sys.vpi";
:vpi_module "/usr/lib/x86_64-linux-gnu/ivl/vhdl_textio.vpi";
:vpi_module "/usr/lib/x86_64-linux-gnu/ivl/v2005_math.vpi";
:vpi_module "/usr/lib/x86_64-linux-gnu/ivl/va_math.vpi";
S_0x5a3542ba28c0 .scope module, "tb_ha" "tb_ha" 2 1;
 .timescale 0 0;
v0x5a3542bb4950_0 .var "a", 0 0;
v0x5a3542bb4a10_0 .var "b", 0 0;
v0x5a3542bb4ae0_0 .net "carry", 0 0, L_0x5a3542bb4e10;  1 drivers
v0x5a3542bb4be0_0 .net "sum", 0 0, L_0x5a3542bb4cb0;  1 drivers
S_0x5a3542ba2a50 .scope module, "uut" "ha" 2 8, 3 1 0, S_0x5a3542ba28c0;
 .timescale 0 0;
    .port_info 0 /INPUT 1 "a";
    .port_info 1 /INPUT 1 "b";
    .port_info 2 /OUTPUT 1 "sum";
    .port_info 3 /OUTPUT 1 "carry";
L_0x5a3542bb4cb0 .functor XOR 1, v0x5a3542bb4950_0, v0x5a3542bb4a10_0, C4<0>, C4<0>;
L_0x5a3542bb4e10 .functor AND 1, v0x5a3542bb4950_0, v0x5a3542bb4a10_0, C4<1>, C4<1>;
v0x5a3542b69490_0 .net "a", 0 0, v0x5a3542bb4950_0;  1 drivers
v0x5a3542bb4650_0 .net "b", 0 0, v0x5a3542bb4a10_0;  1 drivers
v0x5a3542bb4710_0 .net "carry", 0 0, L_0x5a3542bb4e10;  alias, 1 drivers
v0x5a3542bb47e0_0 .net "sum", 0 0, L_0x5a3542bb4cb0;  alias, 1 drivers
    .scope S_0x5a3542ba28c0;
T_0 ;
    %pushi/vec4 0, 0, 1;
    %store/vec4 v0x5a3542bb4950_0, 0, 1;
    %pushi/vec4 0, 0, 1;
    %store/vec4 v0x5a3542bb4a10_0, 0, 1;
    %delay 10, 0;
    %pushi/vec4 0, 0, 1;
    %store/vec4 v0x5a3542bb4950_0, 0, 1;
    %pushi/vec4 1, 0, 1;
    %store/vec4 v0x5a3542bb4a10_0, 0, 1;
    %delay 10, 0;
    %pushi/vec4 1, 0, 1;
    %store/vec4 v0x5a3542bb4950_0, 0, 1;
    %pushi/vec4 0, 0, 1;
    %store/vec4 v0x5a3542bb4a10_0, 0, 1;
    %delay 10, 0;
    %pushi/vec4 1, 0, 1;
    %store/vec4 v0x5a3542bb4950_0, 0, 1;
    %pushi/vec4 1, 0, 1;
    %store/vec4 v0x5a3542bb4a10_0, 0, 1;
    %delay 10, 0;
    %end;
    .thread T_0;
    .scope S_0x5a3542ba28c0;
T_1 ;
    %delay 100, 0;
    %vpi_call 2 33 "$finish" {0 0 0};
    %end;
    .thread T_1;
    .scope S_0x5a3542ba28c0;
T_2 ;
    %vpi_call 2 38 "$dumpfile", "ha.vcd" {0 0 0};
    %vpi_call 2 39 "$dumpvars", 32'sb00000000000000000000000000000000, S_0x5a3542ba28c0 {0 0 0};
    %end;
    .thread T_2;
# The file index is used to find the file name in the following table.
:file_names 4;
    "N/A";
    "<interactive>";
    "Half_adder_tb.v";
    "Half_adder_primitives.v";
