#! /usr/bin/vvp
:ivl_version "12.0 (stable)";
:ivl_delay_selection "TYPICAL";
:vpi_time_precision + 0;
:vpi_module "/usr/lib/x86_64-linux-gnu/ivl/system.vpi";
:vpi_module "/usr/lib/x86_64-linux-gnu/ivl/vhdl_sys.vpi";
:vpi_module "/usr/lib/x86_64-linux-gnu/ivl/vhdl_textio.vpi";
:vpi_module "/usr/lib/x86_64-linux-gnu/ivl/v2005_math.vpi";
:vpi_module "/usr/lib/x86_64-linux-gnu/ivl/va_math.vpi";
S_0x5b9e0ebe0e80 .scope module, "tb_fa" "tb_fa" 2 2;
 .timescale 0 0;
v0x5b9e0ebf84f0_0 .var "a_in", 0 0;
v0x5b9e0ebf85b0_0 .var "b_in", 0 0;
v0x5b9e0ebf8680_0 .var "c_in", 0 0;
v0x5b9e0ebf8780_0 .net "carry", 0 0, L_0x5b9e0ebf8fc0;  1 drivers
v0x5b9e0ebf8850_0 .net "sum", 0 0, L_0x5b9e0ebf8a30;  1 drivers
S_0x5b9e0ebe1010 .scope module, "uut" "FA" 2 9, 3 1 0, S_0x5b9e0ebe0e80;
 .timescale 0 0;
    .port_info 0 /INPUT 1 "a_in";
    .port_info 1 /INPUT 1 "b_in";
    .port_info 2 /INPUT 1 "c_in";
    .port_info 3 /OUTPUT 1 "sum";
    .port_info 4 /OUTPUT 1 "carry";
L_0x5b9e0ebf88f0 .functor XOR 1, v0x5b9e0ebf84f0_0, v0x5b9e0ebf85b0_0, C4<0>, C4<0>;
L_0x5b9e0ebf8a30 .functor XOR 1, L_0x5b9e0ebf88f0, v0x5b9e0ebf8680_0, C4<0>, C4<0>;
L_0x5b9e0ebf8b90 .functor AND 1, v0x5b9e0ebf84f0_0, v0x5b9e0ebf85b0_0, C4<1>, C4<1>;
L_0x5b9e0ebf8c00 .functor AND 1, v0x5b9e0ebf85b0_0, v0x5b9e0ebf8680_0, C4<1>, C4<1>;
L_0x5b9e0ebf8d30 .functor OR 1, L_0x5b9e0ebf8b90, L_0x5b9e0ebf8c00, C4<0>, C4<0>;
L_0x5b9e0ebf8df0 .functor AND 1, v0x5b9e0ebf84f0_0, v0x5b9e0ebf8680_0, C4<1>, C4<1>;
L_0x5b9e0ebf8fc0 .functor OR 1, L_0x5b9e0ebf8d30, L_0x5b9e0ebf8df0, C4<0>, C4<0>;
v0x5b9e0ebe11f0_0 .net *"_ivl_0", 0 0, L_0x5b9e0ebf88f0;  1 drivers
v0x5b9e0ebf7ce0_0 .net *"_ivl_10", 0 0, L_0x5b9e0ebf8df0;  1 drivers
v0x5b9e0ebf7dc0_0 .net *"_ivl_4", 0 0, L_0x5b9e0ebf8b90;  1 drivers
v0x5b9e0ebf7e80_0 .net *"_ivl_6", 0 0, L_0x5b9e0ebf8c00;  1 drivers
v0x5b9e0ebf7f60_0 .net *"_ivl_8", 0 0, L_0x5b9e0ebf8d30;  1 drivers
v0x5b9e0ebf8090_0 .net "a_in", 0 0, v0x5b9e0ebf84f0_0;  1 drivers
v0x5b9e0ebf8150_0 .net "b_in", 0 0, v0x5b9e0ebf85b0_0;  1 drivers
v0x5b9e0ebf8210_0 .net "c_in", 0 0, v0x5b9e0ebf8680_0;  1 drivers
v0x5b9e0ebf82d0_0 .net "carry", 0 0, L_0x5b9e0ebf8fc0;  alias, 1 drivers
v0x5b9e0ebf8390_0 .net "sum", 0 0, L_0x5b9e0ebf8a30;  alias, 1 drivers
    .scope S_0x5b9e0ebe0e80;
T_0 ;
    %pushi/vec4 0, 0, 1;
    %store/vec4 v0x5b9e0ebf84f0_0, 0, 1;
    %pushi/vec4 0, 0, 1;
    %store/vec4 v0x5b9e0ebf85b0_0, 0, 1;
    %pushi/vec4 0, 0, 1;
    %store/vec4 v0x5b9e0ebf8680_0, 0, 1;
    %delay 10, 0;
    %pushi/vec4 0, 0, 1;
    %store/vec4 v0x5b9e0ebf84f0_0, 0, 1;
    %pushi/vec4 0, 0, 1;
    %store/vec4 v0x5b9e0ebf85b0_0, 0, 1;
    %pushi/vec4 1, 0, 1;
    %store/vec4 v0x5b9e0ebf8680_0, 0, 1;
    %delay 10, 0;
    %pushi/vec4 0, 0, 1;
    %store/vec4 v0x5b9e0ebf84f0_0, 0, 1;
    %pushi/vec4 1, 0, 1;
    %store/vec4 v0x5b9e0ebf85b0_0, 0, 1;
    %pushi/vec4 0, 0, 1;
    %store/vec4 v0x5b9e0ebf8680_0, 0, 1;
    %delay 10, 0;
    %pushi/vec4 0, 0, 1;
    %store/vec4 v0x5b9e0ebf84f0_0, 0, 1;
    %pushi/vec4 1, 0, 1;
    %store/vec4 v0x5b9e0ebf85b0_0, 0, 1;
    %pushi/vec4 1, 0, 1;
    %store/vec4 v0x5b9e0ebf8680_0, 0, 1;
    %delay 10, 0;
    %pushi/vec4 1, 0, 1;
    %store/vec4 v0x5b9e0ebf84f0_0, 0, 1;
    %pushi/vec4 0, 0, 1;
    %store/vec4 v0x5b9e0ebf85b0_0, 0, 1;
    %pushi/vec4 0, 0, 1;
    %store/vec4 v0x5b9e0ebf8680_0, 0, 1;
    %delay 10, 0;
    %pushi/vec4 1, 0, 1;
    %store/vec4 v0x5b9e0ebf84f0_0, 0, 1;
    %pushi/vec4 0, 0, 1;
    %store/vec4 v0x5b9e0ebf85b0_0, 0, 1;
    %pushi/vec4 1, 0, 1;
    %store/vec4 v0x5b9e0ebf8680_0, 0, 1;
    %delay 10, 0;
    %pushi/vec4 1, 0, 1;
    %store/vec4 v0x5b9e0ebf84f0_0, 0, 1;
    %pushi/vec4 1, 0, 1;
    %store/vec4 v0x5b9e0ebf85b0_0, 0, 1;
    %pushi/vec4 0, 0, 1;
    %store/vec4 v0x5b9e0ebf8680_0, 0, 1;
    %delay 10, 0;
    %pushi/vec4 1, 0, 1;
    %store/vec4 v0x5b9e0ebf84f0_0, 0, 1;
    %pushi/vec4 1, 0, 1;
    %store/vec4 v0x5b9e0ebf85b0_0, 0, 1;
    %pushi/vec4 1, 0, 1;
    %store/vec4 v0x5b9e0ebf8680_0, 0, 1;
    %delay 10, 0;
    %end;
    .thread T_0;
    .scope S_0x5b9e0ebe0e80;
T_1 ;
    %delay 100, 0;
    %vpi_call 2 31 "$finish" {0 0 0};
    %end;
    .thread T_1;
    .scope S_0x5b9e0ebe0e80;
T_2 ;
    %vpi_call 2 36 "$dumpfile", "fa.vcd" {0 0 0};
    %vpi_call 2 37 "$dumpvars", 32'sb00000000000000000000000000000000, S_0x5b9e0ebe0e80 {0 0 0};
    %end;
    .thread T_2;
# The file index is used to find the file name in the following table.
:file_names 4;
    "N/A";
    "<interactive>";
    "tb_FA.v";
    "FA.v";
